<?xml version="1.0" encoding="UTF-8"?>
<testng-results skipped="0" failed="0" ignored="0" total="0" passed="0">
  <reporter-output>
  </reporter-output>
  <suite name="Suite" duration-ms="401" started-at="2020-11-23T01:25:03 AEDT" finished-at="2020-11-23T01:25:03 AEDT">
    <groups>
      <group name="cucumber">
        <method signature="AbstractTestNGCucumberTests.runScenario(io.cucumber.testng.PickleWrapper, io.cucumber.testng.FeatureWrapper)[pri:0, instance:Testrunner.TestRunner@42e99e4a]" name="runScenario" class="io.cucumber.testng.AbstractTestNGCucumberTests"/>
      </group> <!-- cucumber -->
    </groups>
    <test name="Test" duration-ms="401" started-at="2020-11-23T01:25:03 AEDT" finished-at="2020-11-23T01:25:03 AEDT">
      <class name="Testrunner.TestRunner">
        <test-method status="PASS" signature="setUpClass()[pri:0, instance:Testrunner.TestRunner@42e99e4a]" name="setUpClass" is-config="true" duration-ms="336" started-at="2020-11-23T01:25:03 AEDT" finished-at="2020-11-23T01:25:03 AEDT">
          <reporter-output>
          </reporter-output>
        </test-method> <!-- setUpClass -->
        <test-method status="PASS" signature="tearDownClass()[pri:0, instance:Testrunner.TestRunner@42e99e4a]" name="tearDownClass" is-config="true" duration-ms="20" started-at="2020-11-23T01:25:03 AEDT" finished-at="2020-11-23T01:25:03 AEDT">
          <reporter-output>
          </reporter-output>
        </test-method> <!-- tearDownClass -->
      </class> <!-- Testrunner.TestRunner -->
    </test> <!-- Test -->
  </suite> <!-- Suite -->
</testng-results>
